Using pre-set license
Built from '2021.1/staging' branch; Version is '2021.1.6f1 (c0fade0cc7e9) revision 12647134'; Using compiler version '192528614'; Build Type 'Release'
OS: 'Windows 10 Pro; OS build 19042.985; Version 2009; 64bit' Language: 'pt' Physical Memory: 8029 MB
BatchMode: 1, IsHumanControllingUs: 0, StartBugReporterOnCrash: 0, Is64bit: 1, IsPro: 0

 COMMAND LINE ARGUMENTS:
E:\Programas\Unity\2021.1.6f1\Editor\Unity.exe
-adb2
-batchMode
-noUpm
-name
AssetImportWorker5
-projectPath
E:/Projetos/OvelhaEsperta/VideoAula/Projetouniy/Tutorial-aula-1/TutorialGame1/TutorialGame1/TutorialGame
-logFile
Logs/AssetImportWorker5.log
-srvPort
50259
Successfully changed project path to: E:/Projetos/OvelhaEsperta/VideoAula/Projetouniy/Tutorial-aula-1/TutorialGame1/TutorialGame1/TutorialGame
E:/Projetos/OvelhaEsperta/VideoAula/Projetouniy/Tutorial-aula-1/TutorialGame1/TutorialGame1/TutorialGame
Using Asset Import Pipeline V2.
Refreshing native plugins compatible for Editor in 334.69 ms, found 2 plugins.
Preloading 0 native plugins for Editor in 0.00 ms.
Initialize engine version: 2021.1.6f1 (c0fade0cc7e9)
[Subsystems] Discovering subsystems at path E:/Programas/Unity/2021.1.6f1/Editor/Data/Resources/UnitySubsystems
[Subsystems] Discovering subsystems at path E:/Projetos/OvelhaEsperta/VideoAula/Projetouniy/Tutorial-aula-1/TutorialGame1/TutorialGame1/TutorialGame/Assets
GfxDevice: creating device client; threaded=0; jobified=0
Direct3D:
    Version:  Direct3D 11.0 [level 11.1]
    Renderer: NVIDIA GeForce GTX 1050 (ID=0x1c91)
    Vendor:   NVIDIA
    VRAM:     2996 MB
    Driver:   27.21.14.6663
Initialize mono
Mono path[0] = 'E:/Programas/Unity/2021.1.6f1/Editor/Data/Managed'
Mono path[1] = 'E:/Programas/Unity/2021.1.6f1/Editor/Data/MonoBleedingEdge/lib/mono/unityjit'
Mono config path = 'E:/Programas/Unity/2021.1.6f1/Editor/Data/MonoBleedingEdge/etc'
Using monoOptions --debugger-agent=transport=dt_socket,embedding=1,server=y,suspend=n,address=127.0.0.1:56084
Begin MonoManager ReloadAssembly
Registering precompiled unity dll's ...
Register platform support module: E:/Programas/Unity/2021.1.6f1/Editor/Data/PlaybackEngines/WindowsStandaloneSupport/UnityEditor.WindowsStandalone.Extensions.dll
Registered in 0.005738 seconds.
Native extension for WindowsStandalone target not found
Refreshing native plugins compatible for Editor in 184.78 ms, found 2 plugins.
Preloading 0 native plugins for Editor in 0.00 ms.
Mono: successfully reloaded assembly
- Completed reload, in  2.966 seconds
Platform modules already initialized, skipping
Registering precompiled user dll's ...
Registered in 0.006676 seconds.
Begin MonoManager ReloadAssembly
Native extension for WindowsStandalone target not found
Refreshing native plugins compatible for Editor in 145.61 ms, found 2 plugins.
Preloading 0 native plugins for Editor in 0.00 ms.
Mono: successfully reloaded assembly
- Completed reload, in  3.725 seconds
Platform modules already initialized, skipping
========================================================================
Worker process is ready to serve import requests
Launched and connected shader compiler UnityShaderCompiler.exe after 0.57 seconds
Refreshing native plugins compatible for Editor in 2.42 ms, found 2 plugins.
Preloading 0 native plugins for Editor in 0.00 ms.
Unloading 3374 Unused Serialized files (Serialized files now loaded: 0)
System memory in use before: 129.2 MB.
System memory in use after: 129.4 MB.

Unloading 24 unused Assets to reduce memory usage. Loaded Objects now: 3832.
Total: 6.702600 ms (FindLiveObjects: 1.965100 ms CreateObjectMapping: 0.595200 ms MarkObjects: 4.068500 ms  DeleteObjects: 0.072300 ms)

========================================================================
Received Prepare
Registering precompiled user dll's ...
Registered in 0.009306 seconds.
Begin MonoManager ReloadAssembly
Native extension for WindowsStandalone target not found
Refreshing native plugins compatible for Editor in 0.76 ms, found 2 plugins.
Preloading 0 native plugins for Editor in 0.00 ms.
Mono: successfully reloaded assembly
- Completed reload, in  1.907 seconds
Platform modules already initialized, skipping
Refreshing native plugins compatible for Editor in 0.91 ms, found 2 plugins.
Preloading 0 native plugins for Editor in 0.00 ms.
Unloading 3364 Unused Serialized files (Serialized files now loaded: 0)
System memory in use before: 128.7 MB.
System memory in use after: 129.0 MB.

Unloading 12 unused Assets to reduce memory usage. Loaded Objects now: 3836.
Total: 3.247400 ms (FindLiveObjects: 0.303800 ms CreateObjectMapping: 0.194100 ms MarkObjects: 2.722600 ms  DeleteObjects: 0.025500 ms)

========================================================================
Received Import Request.
  path: Assets/Scriots/Control_level.cs
  artifactKey: Guid(f7af2589786fd524383bef55ff2f64e3) Importer(815301076,1909f56bfc062723c751e8b465ee728b)
Start importing Assets/Scriots/Control_level.cs using Guid(f7af2589786fd524383bef55ff2f64e3) Importer(815301076,1909f56bfc062723c751e8b465ee728b)  -> (artifact id: '83247c6f3f702b98a1d3221c52ebcda5') in 0.165713 seconds 
========================================================================
Received Prepare
Registering precompiled user dll's ...
Registered in 0.009053 seconds.
Begin MonoManager ReloadAssembly
Native extension for WindowsStandalone target not found
Refreshing native plugins compatible for Editor in 1.28 ms, found 2 plugins.
Preloading 0 native plugins for Editor in 0.00 ms.
Mono: successfully reloaded assembly
- Completed reload, in  3.568 seconds
Platform modules already initialized, skipping
Refreshing native plugins compatible for Editor in 1.44 ms, found 2 plugins.
Preloading 0 native plugins for Editor in 0.00 ms.
Unloading 3364 Unused Serialized files (Serialized files now loaded: 0)
System memory in use before: 128.8 MB.
System memory in use after: 129.0 MB.

Unloading 12 unused Assets to reduce memory usage. Loaded Objects now: 3840.
Total: 2.966900 ms (FindLiveObjects: 0.310100 ms CreateObjectMapping: 0.144900 ms MarkObjects: 2.483100 ms  DeleteObjects: 0.027900 ms)

========================================================================
Received Prepare
Registering precompiled user dll's ...
Registered in 0.065331 seconds.
Begin MonoManager ReloadAssembly
Native extension for WindowsStandalone target not found
Refreshing native plugins compatible for Editor in 3.56 ms, found 2 plugins.
Preloading 0 native plugins for Editor in 0.00 ms.
Mono: successfully reloaded assembly
- Completed reload, in  3.241 seconds
Platform modules already initialized, skipping
Refreshing native plugins compatible for Editor in 0.84 ms, found 2 plugins.
Preloading 0 native plugins for Editor in 0.00 ms.
Unloading 3364 Unused Serialized files (Serialized files now loaded: 0)
System memory in use before: 128.8 MB.
System memory in use after: 129.1 MB.

Unloading 12 unused Assets to reduce memory usage. Loaded Objects now: 3844.
Total: 3.488000 ms (FindLiveObjects: 0.423100 ms CreateObjectMapping: 0.370500 ms MarkObjects: 2.622600 ms  DeleteObjects: 0.070400 ms)

========================================================================
Received Prepare
Registering precompiled user dll's ...
Registered in 0.017785 seconds.
Begin MonoManager ReloadAssembly
Native extension for WindowsStandalone target not found
Refreshing native plugins compatible for Editor in 1.06 ms, found 2 plugins.
Preloading 0 native plugins for Editor in 0.00 ms.
Mono: successfully reloaded assembly
- Completed reload, in  3.009 seconds
Platform modules already initialized, skipping
Refreshing native plugins compatible for Editor in 1.62 ms, found 2 plugins.
Preloading 0 native plugins for Editor in 0.00 ms.
Unloading 3364 Unused Serialized files (Serialized files now loaded: 0)
System memory in use before: 128.8 MB.
System memory in use after: 129.1 MB.

Unloading 12 unused Assets to reduce memory usage. Loaded Objects now: 3848.
Total: 15.389800 ms (FindLiveObjects: 0.644600 ms CreateObjectMapping: 0.485600 ms MarkObjects: 14.217400 ms  DeleteObjects: 0.039100 ms)

========================================================================
Received Prepare
Registering precompiled user dll's ...
Registered in 0.010884 seconds.
Begin MonoManager ReloadAssembly
Native extension for WindowsStandalone target not found
Refreshing native plugins compatible for Editor in 2.43 ms, found 2 plugins.
Preloading 0 native plugins for Editor in 0.00 ms.
Mono: successfully reloaded assembly
- Completed reload, in  2.412 seconds
Platform modules already initialized, skipping
Refreshing native plugins compatible for Editor in 2.47 ms, found 2 plugins.
Preloading 0 native plugins for Editor in 0.00 ms.
Unloading 3364 Unused Serialized files (Serialized files now loaded: 0)
System memory in use before: 128.9 MB.
System memory in use after: 129.1 MB.

Unloading 12 unused Assets to reduce memory usage. Loaded Objects now: 3852.
Total: 2.877400 ms (FindLiveObjects: 0.331700 ms CreateObjectMapping: 0.199500 ms MarkObjects: 2.323800 ms  DeleteObjects: 0.021300 ms)

========================================================================
Received Prepare
Registering precompiled user dll's ...
Registered in 0.009303 seconds.
Begin MonoManager ReloadAssembly
Native extension for WindowsStandalone target not found
Refreshing native plugins compatible for Editor in 0.67 ms, found 2 plugins.
Preloading 0 native plugins for Editor in 0.00 ms.
Mono: successfully reloaded assembly
- Completed reload, in  2.054 seconds
Platform modules already initialized, skipping
Refreshing native plugins compatible for Editor in 0.84 ms, found 2 plugins.
Preloading 0 native plugins for Editor in 0.00 ms.
Unloading 3364 Unused Serialized files (Serialized files now loaded: 0)
System memory in use before: 128.9 MB.
System memory in use after: 129.1 MB.

Unloading 12 unused Assets to reduce memory usage. Loaded Objects now: 3856.
Total: 10.983000 ms (FindLiveObjects: 0.388000 ms CreateObjectMapping: 0.395900 ms MarkObjects: 10.096200 ms  DeleteObjects: 0.099200 ms)

========================================================================
Received Prepare
Registering precompiled user dll's ...
Registered in 0.072530 seconds.
Begin MonoManager ReloadAssembly
Native extension for WindowsStandalone target not found
Refreshing native plugins compatible for Editor in 2.22 ms, found 2 plugins.
Preloading 0 native plugins for Editor in 0.00 ms.
Mono: successfully reloaded assembly
- Completed reload, in  3.747 seconds
Platform modules already initialized, skipping
Refreshing native plugins compatible for Editor in 0.88 ms, found 2 plugins.
Preloading 0 native plugins for Editor in 0.00 ms.
Unloading 3364 Unused Serialized files (Serialized files now loaded: 0)
System memory in use before: 128.9 MB.
System memory in use after: 129.1 MB.

Unloading 12 unused Assets to reduce memory usage. Loaded Objects now: 3860.
Total: 2.734100 ms (FindLiveObjects: 0.290700 ms CreateObjectMapping: 0.190800 ms MarkObjects: 2.226200 ms  DeleteObjects: 0.025300 ms)

========================================================================
Received Prepare
Registering precompiled user dll's ...
Registered in 0.007841 seconds.
Begin MonoManager ReloadAssembly
Native extension for WindowsStandalone target not found
Refreshing native plugins compatible for Editor in 1.41 ms, found 2 plugins.
Preloading 0 native plugins for Editor in 0.00 ms.
Mono: successfully reloaded assembly
- Completed reload, in  3.435 seconds
Platform modules already initialized, skipping
Refreshing native plugins compatible for Editor in 0.74 ms, found 2 plugins.
Preloading 0 native plugins for Editor in 0.00 ms.
Unloading 3364 Unused Serialized files (Serialized files now loaded: 0)
System memory in use before: 128.9 MB.
System memory in use after: 129.1 MB.

Unloading 12 unused Assets to reduce memory usage. Loaded Objects now: 3864.
Total: 7.713700 ms (FindLiveObjects: 0.412500 ms CreateObjectMapping: 0.390100 ms MarkObjects: 6.877000 ms  DeleteObjects: 0.031900 ms)

========================================================================
Received Prepare
Registering precompiled user dll's ...
Registered in 0.011837 seconds.
Begin MonoManager ReloadAssembly
Native extension for WindowsStandalone target not found
Refreshing native plugins compatible for Editor in 1.47 ms, found 2 plugins.
Preloading 0 native plugins for Editor in 0.00 ms.
Mono: successfully reloaded assembly
- Completed reload, in  2.867 seconds
Platform modules already initialized, skipping
Refreshing native plugins compatible for Editor in 0.85 ms, found 2 plugins.
Preloading 0 native plugins for Editor in 0.00 ms.
Unloading 3364 Unused Serialized files (Serialized files now loaded: 0)
System memory in use before: 128.9 MB.
System memory in use after: 129.1 MB.

Unloading 12 unused Assets to reduce memory usage. Loaded Objects now: 3868.
Total: 3.832400 ms (FindLiveObjects: 0.387200 ms CreateObjectMapping: 0.267200 ms MarkObjects: 3.149400 ms  DeleteObjects: 0.027400 ms)

========================================================================
Received Prepare
Registering precompiled user dll's ...
Registered in 0.007613 seconds.
Begin MonoManager ReloadAssembly
Native extension for WindowsStandalone target not found
Refreshing native plugins compatible for Editor in 2.67 ms, found 2 plugins.
Preloading 0 native plugins for Editor in 0.00 ms.
Mono: successfully reloaded assembly
- Completed reload, in  1.991 seconds
Platform modules already initialized, skipping
Refreshing native plugins compatible for Editor in 0.75 ms, found 2 plugins.
Preloading 0 native plugins for Editor in 0.00 ms.
Unloading 3364 Unused Serialized files (Serialized files now loaded: 0)
System memory in use before: 128.9 MB.
System memory in use after: 129.1 MB.

Unloading 12 unused Assets to reduce memory usage. Loaded Objects now: 3872.
Total: 7.163900 ms (FindLiveObjects: 1.488500 ms CreateObjectMapping: 1.182500 ms MarkObjects: 4.459900 ms  DeleteObjects: 0.030700 ms)

========================================================================
Received Prepare
Registering precompiled user dll's ...
Registered in 0.010074 seconds.
Begin MonoManager ReloadAssembly
Native extension for WindowsStandalone target not found
Refreshing native plugins compatible for Editor in 3.77 ms, found 2 plugins.
Preloading 0 native plugins for Editor in 0.00 ms.
Mono: successfully reloaded assembly
- Completed reload, in  4.349 seconds
Platform modules already initialized, skipping
Refreshing native plugins compatible for Editor in 0.84 ms, found 2 plugins.
Preloading 0 native plugins for Editor in 0.00 ms.
Unloading 3364 Unused Serialized files (Serialized files now loaded: 0)
System memory in use before: 128.9 MB.
System memory in use after: 129.2 MB.

Unloading 12 unused Assets to reduce memory usage. Loaded Objects now: 3876.
Total: 4.729000 ms (FindLiveObjects: 0.526500 ms CreateObjectMapping: 0.302200 ms MarkObjects: 3.863300 ms  DeleteObjects: 0.035100 ms)

========================================================================
Received Prepare
Registering precompiled user dll's ...
Registered in 0.008531 seconds.
Begin MonoManager ReloadAssembly
Native extension for WindowsStandalone target not found
Refreshing native plugins compatible for Editor in 3.24 ms, found 2 plugins.
Preloading 0 native plugins for Editor in 0.00 ms.
Mono: successfully reloaded assembly
- Completed reload, in  3.355 seconds
Platform modules already initialized, skipping
Refreshing native plugins compatible for Editor in 1.16 ms, found 2 plugins.
Preloading 0 native plugins for Editor in 0.00 ms.
Unloading 3364 Unused Serialized files (Serialized files now loaded: 0)
System memory in use before: 128.9 MB.
System memory in use after: 129.2 MB.

Unloading 12 unused Assets to reduce memory usage. Loaded Objects now: 3880.
Total: 3.348700 ms (FindLiveObjects: 0.333500 ms CreateObjectMapping: 0.222600 ms MarkObjects: 2.767000 ms  DeleteObjects: 0.024300 ms)

========================================================================
Received Prepare
Registering precompiled user dll's ...
Registered in 0.011610 seconds.
Begin MonoManager ReloadAssembly
Native extension for WindowsStandalone target not found
Refreshing native plugins compatible for Editor in 1.11 ms, found 2 plugins.
Preloading 0 native plugins for Editor in 0.00 ms.
Mono: successfully reloaded assembly
- Completed reload, in  2.008 seconds
Platform modules already initialized, skipping
Refreshing native plugins compatible for Editor in 2.58 ms, found 2 plugins.
Preloading 0 native plugins for Editor in 0.00 ms.
Unloading 3364 Unused Serialized files (Serialized files now loaded: 0)
System memory in use before: 128.9 MB.
System memory in use after: 129.2 MB.

Unloading 12 unused Assets to reduce memory usage. Loaded Objects now: 3884.
Total: 3.358600 ms (FindLiveObjects: 0.494900 ms CreateObjectMapping: 0.259300 ms MarkObjects: 2.582500 ms  DeleteObjects: 0.020700 ms)

========================================================================
Received Prepare
Registering precompiled user dll's ...
Registered in 0.010298 seconds.
Begin MonoManager ReloadAssembly
Native extension for WindowsStandalone target not found
Refreshing native plugins compatible for Editor in 0.77 ms, found 2 plugins.
Preloading 0 native plugins for Editor in 0.00 ms.
Mono: successfully reloaded assembly
- Completed reload, in  2.595 seconds
Platform modules already initialized, skipping
Refreshing native plugins compatible for Editor in 0.75 ms, found 2 plugins.
Preloading 0 native plugins for Editor in 0.00 ms.
Unloading 3364 Unused Serialized files (Serialized files now loaded: 0)
System memory in use before: 128.9 MB.
System memory in use after: 129.2 MB.

Unloading 12 unused Assets to reduce memory usage. Loaded Objects now: 3888.
Total: 5.188100 ms (FindLiveObjects: 0.367400 ms CreateObjectMapping: 0.269600 ms MarkObjects: 4.526300 ms  DeleteObjects: 0.023300 ms)

========================================================================
Received Prepare
Registering precompiled user dll's ...
Registered in 0.018977 seconds.
Begin MonoManager ReloadAssembly
Native extension for WindowsStandalone target not found
Refreshing native plugins compatible for Editor in 1.17 ms, found 2 plugins.
Preloading 0 native plugins for Editor in 0.00 ms.
Mono: successfully reloaded assembly
- Completed reload, in  2.633 seconds
Platform modules already initialized, skipping
Refreshing native plugins compatible for Editor in 0.71 ms, found 2 plugins.
Preloading 0 native plugins for Editor in 0.00 ms.
Unloading 3364 Unused Serialized files (Serialized files now loaded: 0)
System memory in use before: 129.0 MB.
System memory in use after: 129.2 MB.

Unloading 12 unused Assets to reduce memory usage. Loaded Objects now: 3892.
Total: 3.095100 ms (FindLiveObjects: 0.364000 ms CreateObjectMapping: 0.287200 ms MarkObjects: 2.418200 ms  DeleteObjects: 0.024500 ms)

========================================================================
Received Prepare
Registering precompiled user dll's ...
Registered in 0.015901 seconds.
Begin MonoManager ReloadAssembly
Native extension for WindowsStandalone target not found
Refreshing native plugins compatible for Editor in 1.01 ms, found 2 plugins.
Preloading 0 native plugins for Editor in 0.00 ms.
Mono: successfully reloaded assembly
- Completed reload, in  3.261 seconds
Platform modules already initialized, skipping
Refreshing native plugins compatible for Editor in 2.05 ms, found 2 plugins.
Preloading 0 native plugins for Editor in 0.00 ms.
Unloading 3364 Unused Serialized files (Serialized files now loaded: 0)
System memory in use before: 129.0 MB.
System memory in use after: 129.2 MB.

Unloading 12 unused Assets to reduce memory usage. Loaded Objects now: 3896.
Total: 8.194100 ms (FindLiveObjects: 1.155800 ms CreateObjectMapping: 1.384800 ms MarkObjects: 5.599700 ms  DeleteObjects: 0.051100 ms)

========================================================================
Received Prepare
Registering precompiled user dll's ...
Registered in 0.009077 seconds.
Begin MonoManager ReloadAssembly
Native extension for WindowsStandalone target not found
Refreshing native plugins compatible for Editor in 3.57 ms, found 2 plugins.
Preloading 0 native plugins for Editor in 0.00 ms.
Mono: successfully reloaded assembly
- Completed reload, in  2.381 seconds
Platform modules already initialized, skipping
Refreshing native plugins compatible for Editor in 1.13 ms, found 2 plugins.
Preloading 0 native plugins for Editor in 0.00 ms.
Unloading 3364 Unused Serialized files (Serialized files now loaded: 0)
System memory in use before: 129.0 MB.
System memory in use after: 129.2 MB.

Unloading 12 unused Assets to reduce memory usage. Loaded Objects now: 3900.
Total: 7.440400 ms (FindLiveObjects: 0.523300 ms CreateObjectMapping: 0.283100 ms MarkObjects: 6.580700 ms  DeleteObjects: 0.051100 ms)

========================================================================
Received Prepare
Registering precompiled user dll's ...
Registered in 0.023367 seconds.
Begin MonoManager ReloadAssembly
Native extension for WindowsStandalone target not found
Refreshing native plugins compatible for Editor in 0.68 ms, found 2 plugins.
Preloading 0 native plugins for Editor in 0.00 ms.
Mono: successfully reloaded assembly
- Completed reload, in  1.952 seconds
Platform modules already initialized, skipping
Refreshing native plugins compatible for Editor in 0.94 ms, found 2 plugins.
Preloading 0 native plugins for Editor in 0.00 ms.
Unloading 3364 Unused Serialized files (Serialized files now loaded: 0)
System memory in use before: 129.0 MB.
System memory in use after: 129.2 MB.

Unloading 12 unused Assets to reduce memory usage. Loaded Objects now: 3904.
Total: 3.789100 ms (FindLiveObjects: 0.325100 ms CreateObjectMapping: 0.326600 ms MarkObjects: 3.083500 ms  DeleteObjects: 0.052100 ms)

========================================================================
Received Import Request.
  Time since last request: 2783.552985 seconds.
  path: Assets/Scriots/Control_level.cs
  artifactKey: Guid(f7af2589786fd524383bef55ff2f64e3) Importer(815301076,1909f56bfc062723c751e8b465ee728b)
Start importing Assets/Scriots/Control_level.cs using Guid(f7af2589786fd524383bef55ff2f64e3) Importer(815301076,1909f56bfc062723c751e8b465ee728b)  -> (artifact id: 'fdf54382ac3ed53828db4a6ad5db0e0d') in 0.022411 seconds 
========================================================================
Received Prepare
Registering precompiled user dll's ...
Registered in 0.006888 seconds.
Begin MonoManager ReloadAssembly
Native extension for WindowsStandalone target not found
Refreshing native plugins compatible for Editor in 6.09 ms, found 2 plugins.
Preloading 0 native plugins for Editor in 0.00 ms.
Mono: successfully reloaded assembly
- Completed reload, in  3.069 seconds
Platform modules already initialized, skipping
Refreshing native plugins compatible for Editor in 0.69 ms, found 2 plugins.
Preloading 0 native plugins for Editor in 0.00 ms.
Unloading 3364 Unused Serialized files (Serialized files now loaded: 0)
System memory in use before: 129.0 MB.
System memory in use after: 129.2 MB.

Unloading 12 unused Assets to reduce memory usage. Loaded Objects now: 3908.
Total: 3.075600 ms (FindLiveObjects: 0.306900 ms CreateObjectMapping: 0.192700 ms MarkObjects: 2.557100 ms  DeleteObjects: 0.017700 ms)

========================================================================
Received Import Request.
  Time since last request: 491.359908 seconds.
  path: Assets/Prefabs/PlatPref.prefab
  artifactKey: Guid(6af5ca219905bbd4c95ffe2bd887d45d) Importer(815301076,1909f56bfc062723c751e8b465ee728b)
Start importing Assets/Prefabs/PlatPref.prefab using Guid(6af5ca219905bbd4c95ffe2bd887d45d) Importer(815301076,1909f56bfc062723c751e8b465ee728b)  -> (artifact id: '526c87a1703c94984a3ffb263ed0a4da') in 1.412776 seconds 
========================================================================
Received Import Request.
  Time since last request: 57.128873 seconds.
  path: Assets/Prefabs/PlatPref.prefab
  artifactKey: Guid(6af5ca219905bbd4c95ffe2bd887d45d) Importer(815301076,1909f56bfc062723c751e8b465ee728b)
Start importing Assets/Prefabs/PlatPref.prefab using Guid(6af5ca219905bbd4c95ffe2bd887d45d) Importer(815301076,1909f56bfc062723c751e8b465ee728b)  -> (artifact id: '94cda1f51711ff1bae3a40101ba5f06e') in 0.140456 seconds 
========================================================================
Received Import Request.
  Time since last request: 8.097641 seconds.
  path: Assets/Prefabs/PlatPref.prefab
  artifactKey: Guid(6af5ca219905bbd4c95ffe2bd887d45d) Importer(815301076,1909f56bfc062723c751e8b465ee728b)
Start importing Assets/Prefabs/PlatPref.prefab using Guid(6af5ca219905bbd4c95ffe2bd887d45d) Importer(815301076,1909f56bfc062723c751e8b465ee728b)  -> (artifact id: '50eb960268fdd52066e9de3ea3abe68b') in 0.052182 seconds 
========================================================================
Received Import Request.
  Time since last request: 11.666144 seconds.
  path: Assets/Prefabs/PlatPref.prefab
  artifactKey: Guid(6af5ca219905bbd4c95ffe2bd887d45d) Importer(815301076,1909f56bfc062723c751e8b465ee728b)
Start importing Assets/Prefabs/PlatPref.prefab using Guid(6af5ca219905bbd4c95ffe2bd887d45d) Importer(815301076,1909f56bfc062723c751e8b465ee728b)  -> (artifact id: '5b69dc5ce7fc2b072923cfd0d20d2d93') in 0.153361 seconds 
========================================================================
Received Import Request.
  Time since last request: 44.908289 seconds.
  path: Assets/Prefabs/PlatPref.prefab
  artifactKey: Guid(6af5ca219905bbd4c95ffe2bd887d45d) Importer(815301076,1909f56bfc062723c751e8b465ee728b)
Start importing Assets/Prefabs/PlatPref.prefab using Guid(6af5ca219905bbd4c95ffe2bd887d45d) Importer(815301076,1909f56bfc062723c751e8b465ee728b)  -> (artifact id: '5914189a38a2cdd182db713d98428140') in 0.153567 seconds 
========================================================================
Received Import Request.
  Time since last request: 15.186104 seconds.
  path: Assets/Prefabs/PlatPref.prefab
  artifactKey: Guid(6af5ca219905bbd4c95ffe2bd887d45d) Importer(815301076,1909f56bfc062723c751e8b465ee728b)
Start importing Assets/Prefabs/PlatPref.prefab using Guid(6af5ca219905bbd4c95ffe2bd887d45d) Importer(815301076,1909f56bfc062723c751e8b465ee728b)  -> (artifact id: '93069b198121da2cb61841c743af5ecd') in 0.099375 seconds 
========================================================================
Received Import Request.
  Time since last request: 2.773652 seconds.
  path: Assets/Prefabs/PlatPref.prefab
  artifactKey: Guid(6af5ca219905bbd4c95ffe2bd887d45d) Importer(815301076,1909f56bfc062723c751e8b465ee728b)
Start importing Assets/Prefabs/PlatPref.prefab using Guid(6af5ca219905bbd4c95ffe2bd887d45d) Importer(815301076,1909f56bfc062723c751e8b465ee728b)  -> (artifact id: '2fa9cd4f0075f1c63c6eb8746d7d1b79') in 0.123379 seconds 
========================================================================
Received Import Request.
  Time since last request: 23.337594 seconds.
  path: Assets/Prefabs/PlatPref.prefab
  artifactKey: Guid(6af5ca219905bbd4c95ffe2bd887d45d) Importer(815301076,1909f56bfc062723c751e8b465ee728b)
Start importing Assets/Prefabs/PlatPref.prefab using Guid(6af5ca219905bbd4c95ffe2bd887d45d) Importer(815301076,1909f56bfc062723c751e8b465ee728b)  -> (artifact id: '32d9153f4ea52ff150c51e23d3ca3f79') in 0.071050 seconds 
========================================================================
Received Import Request.
  Time since last request: 11.379845 seconds.
  path: Assets/Prefabs/PlatPref.prefab
  artifactKey: Guid(6af5ca219905bbd4c95ffe2bd887d45d) Importer(815301076,1909f56bfc062723c751e8b465ee728b)
Start importing Assets/Prefabs/PlatPref.prefab using Guid(6af5ca219905bbd4c95ffe2bd887d45d) Importer(815301076,1909f56bfc062723c751e8b465ee728b)  -> (artifact id: '7a821a9791c2fb6d0db7b7e592722612') in 0.093555 seconds 
========================================================================
Received Prepare
Registering precompiled user dll's ...
Registered in 0.010004 seconds.
Begin MonoManager ReloadAssembly
Native extension for WindowsStandalone target not found
Refreshing native plugins compatible for Editor in 1.16 ms, found 2 plugins.
Preloading 0 native plugins for Editor in 0.00 ms.
Mono: successfully reloaded assembly
- Completed reload, in  2.141 seconds
Platform modules already initialized, skipping
Refreshing native plugins compatible for Editor in 2.39 ms, found 2 plugins.
Preloading 0 native plugins for Editor in 0.00 ms.
Unloading 3364 Unused Serialized files (Serialized files now loaded: 0)
System memory in use before: 132.7 MB.
System memory in use after: 132.9 MB.

Unloading 12 unused Assets to reduce memory usage. Loaded Objects now: 3919.
Total: 5.962100 ms (FindLiveObjects: 0.509200 ms CreateObjectMapping: 0.296700 ms MarkObjects: 5.127800 ms  DeleteObjects: 0.026700 ms)

========================================================================
Received Prepare
Registering precompiled user dll's ...
Registered in 0.011141 seconds.
Begin MonoManager ReloadAssembly
Native extension for WindowsStandalone target not found
Refreshing native plugins compatible for Editor in 1.01 ms, found 2 plugins.
Preloading 0 native plugins for Editor in 0.00 ms.
Mono: successfully reloaded assembly
- Completed reload, in  3.105 seconds
Platform modules already initialized, skipping
Refreshing native plugins compatible for Editor in 1.86 ms, found 2 plugins.
Preloading 0 native plugins for Editor in 0.00 ms.
Unloading 3364 Unused Serialized files (Serialized files now loaded: 0)
System memory in use before: 132.7 MB.
System memory in use after: 132.9 MB.

Unloading 12 unused Assets to reduce memory usage. Loaded Objects now: 3923.
Total: 4.349600 ms (FindLiveObjects: 0.362900 ms CreateObjectMapping: 0.300000 ms MarkObjects: 3.660800 ms  DeleteObjects: 0.024300 ms)

========================================================================
Received Prepare
Registering precompiled user dll's ...
Registered in 0.016951 seconds.
Begin MonoManager ReloadAssembly
Native extension for WindowsStandalone target not found
Refreshing native plugins compatible for Editor in 10.20 ms, found 2 plugins.
Preloading 0 native plugins for Editor in 0.00 ms.
Mono: successfully reloaded assembly
- Completed reload, in  2.613 seconds
Platform modules already initialized, skipping
Refreshing native plugins compatible for Editor in 0.71 ms, found 2 plugins.
Preloading 0 native plugins for Editor in 0.00 ms.
Unloading 3364 Unused Serialized files (Serialized files now loaded: 0)
System memory in use before: 132.7 MB.
System memory in use after: 132.9 MB.

Unloading 12 unused Assets to reduce memory usage. Loaded Objects now: 3927.
Total: 2.709900 ms (FindLiveObjects: 0.321900 ms CreateObjectMapping: 0.227300 ms MarkObjects: 2.138400 ms  DeleteObjects: 0.021200 ms)

========================================================================
Received Prepare
Registering precompiled user dll's ...
Registered in 0.011038 seconds.
Begin MonoManager ReloadAssembly
Native extension for WindowsStandalone target not found
Refreshing native plugins compatible for Editor in 1.86 ms, found 2 plugins.
Preloading 0 native plugins for Editor in 0.00 ms.
Mono: successfully reloaded assembly
- Completed reload, in  2.077 seconds
Platform modules already initialized, skipping
Refreshing native plugins compatible for Editor in 2.36 ms, found 2 plugins.
Preloading 0 native plugins for Editor in 0.00 ms.
Unloading 3364 Unused Serialized files (Serialized files now loaded: 0)
System memory in use before: 132.7 MB.
System memory in use after: 132.9 MB.

Unloading 12 unused Assets to reduce memory usage. Loaded Objects now: 3931.
Total: 14.197900 ms (FindLiveObjects: 1.515600 ms CreateObjectMapping: 1.020300 ms MarkObjects: 11.627000 ms  DeleteObjects: 0.031500 ms)

========================================================================
Received Import Request.
  Time since last request: 1224.595857 seconds.
  path: Assets/Prefabs/PlatPref.prefab
  artifactKey: Guid(6af5ca219905bbd4c95ffe2bd887d45d) Importer(815301076,1909f56bfc062723c751e8b465ee728b)
Start importing Assets/Prefabs/PlatPref.prefab using Guid(6af5ca219905bbd4c95ffe2bd887d45d) Importer(815301076,1909f56bfc062723c751e8b465ee728b)  -> (artifact id: '75027b7b3a80ae5ec08a4f8316491c42') in 0.685777 seconds 
========================================================================
Received Import Request.
  Time since last request: 5.049061 seconds.
  path: Assets/Prefabs/PlatPref.prefab
  artifactKey: Guid(6af5ca219905bbd4c95ffe2bd887d45d) Importer(815301076,1909f56bfc062723c751e8b465ee728b)
Start importing Assets/Prefabs/PlatPref.prefab using Guid(6af5ca219905bbd4c95ffe2bd887d45d) Importer(815301076,1909f56bfc062723c751e8b465ee728b)  -> (artifact id: 'c18a7a4e6921e3e7cb73517b8c432562') in 0.073919 seconds 
========================================================================
Received Import Request.
  Time since last request: 3.689687 seconds.
  path: Assets/Prefabs/PlatPref.prefab
  artifactKey: Guid(6af5ca219905bbd4c95ffe2bd887d45d) Importer(815301076,1909f56bfc062723c751e8b465ee728b)
Start importing Assets/Prefabs/PlatPref.prefab using Guid(6af5ca219905bbd4c95ffe2bd887d45d) Importer(815301076,1909f56bfc062723c751e8b465ee728b)  -> (artifact id: '21be7d149279b3ce106c068775949bc1') in 0.096150 seconds 
========================================================================
Received Prepare
Registering precompiled user dll's ...
Registered in 0.009132 seconds.
Begin MonoManager ReloadAssembly
Native extension for WindowsStandalone target not found
Refreshing native plugins compatible for Editor in 2.16 ms, found 2 plugins.
Preloading 0 native plugins for Editor in 0.00 ms.
Mono: successfully reloaded assembly
- Completed reload, in  2.952 seconds
Platform modules already initialized, skipping
Refreshing native plugins compatible for Editor in 2.55 ms, found 2 plugins.
Preloading 0 native plugins for Editor in 0.00 ms.
Unloading 3364 Unused Serialized files (Serialized files now loaded: 0)
System memory in use before: 132.7 MB.
System memory in use after: 133.0 MB.

Unloading 12 unused Assets to reduce memory usage. Loaded Objects now: 3936.
Total: 3.978200 ms (FindLiveObjects: 0.315500 ms CreateObjectMapping: 0.215500 ms MarkObjects: 3.425000 ms  DeleteObjects: 0.020800 ms)

========================================================================
Received Prepare
Registering precompiled user dll's ...
Registered in 0.018587 seconds.
Begin MonoManager ReloadAssembly
Native extension for WindowsStandalone target not found
Refreshing native plugins compatible for Editor in 0.83 ms, found 2 plugins.
Preloading 0 native plugins for Editor in 0.00 ms.
Mono: successfully reloaded assembly
- Completed reload, in  3.219 seconds
Platform modules already initialized, skipping
Refreshing native plugins compatible for Editor in 1.19 ms, found 2 plugins.
Preloading 0 native plugins for Editor in 0.00 ms.
Unloading 3364 Unused Serialized files (Serialized files now loaded: 0)
System memory in use before: 132.7 MB.
System memory in use after: 133.0 MB.

Unloading 12 unused Assets to reduce memory usage. Loaded Objects now: 3940.
Total: 2.743300 ms (FindLiveObjects: 0.317800 ms CreateObjectMapping: 0.232200 ms MarkObjects: 2.174500 ms  DeleteObjects: 0.017700 ms)

========================================================================
Received Prepare
Registering precompiled user dll's ...
Registered in 0.009687 seconds.
Begin MonoManager ReloadAssembly
Native extension for WindowsStandalone target not found
Refreshing native plugins compatible for Editor in 5.68 ms, found 2 plugins.
Preloading 0 native plugins for Editor in 0.00 ms.
Mono: successfully reloaded assembly
- Completed reload, in  2.938 seconds
Platform modules already initialized, skipping
Refreshing native plugins compatible for Editor in 2.44 ms, found 2 plugins.
Preloading 0 native plugins for Editor in 0.00 ms.
Unloading 3364 Unused Serialized files (Serialized files now loaded: 0)
System memory in use before: 132.7 MB.
System memory in use after: 133.0 MB.

Unloading 12 unused Assets to reduce memory usage. Loaded Objects now: 3944.
Total: 4.850800 ms (FindLiveObjects: 0.581100 ms CreateObjectMapping: 0.347800 ms MarkObjects: 3.859300 ms  DeleteObjects: 0.060300 ms)

========================================================================
Received Prepare
Registering precompiled user dll's ...
Registered in 0.016384 seconds.
Begin MonoManager ReloadAssembly
Native extension for WindowsStandalone target not found
Refreshing native plugins compatible for Editor in 1.82 ms, found 2 plugins.
Preloading 0 native plugins for Editor in 0.00 ms.
Mono: successfully reloaded assembly
- Completed reload, in  2.250 seconds
Platform modules already initialized, skipping
Refreshing native plugins compatible for Editor in 0.74 ms, found 2 plugins.
Preloading 0 native plugins for Editor in 0.00 ms.
Unloading 3364 Unused Serialized files (Serialized files now loaded: 0)
System memory in use before: 132.7 MB.
System memory in use after: 133.0 MB.

Unloading 12 unused Assets to reduce memory usage. Loaded Objects now: 3948.
Total: 3.140800 ms (FindLiveObjects: 0.267100 ms CreateObjectMapping: 0.160600 ms MarkObjects: 2.674200 ms  DeleteObjects: 0.037300 ms)

========================================================================
Received Prepare
Registering precompiled user dll's ...
Registered in 0.031710 seconds.
Begin MonoManager ReloadAssembly
Native extension for WindowsStandalone target not found
Refreshing native plugins compatible for Editor in 0.77 ms, found 2 plugins.
Preloading 0 native plugins for Editor in 0.00 ms.
Mono: successfully reloaded assembly
- Completed reload, in  2.444 seconds
Platform modules already initialized, skipping
Refreshing native plugins compatible for Editor in 1.58 ms, found 2 plugins.
Preloading 0 native plugins for Editor in 0.00 ms.
Unloading 3364 Unused Serialized files (Serialized files now loaded: 0)
System memory in use before: 132.7 MB.
System memory in use after: 133.0 MB.

Unloading 12 unused Assets to reduce memory usage. Loaded Objects now: 3952.
Total: 9.033900 ms (FindLiveObjects: 0.345600 ms CreateObjectMapping: 0.245100 ms MarkObjects: 8.403500 ms  DeleteObjects: 0.035900 ms)

========================================================================
Received Prepare
Registering precompiled user dll's ...
Registered in 0.009605 seconds.
Begin MonoManager ReloadAssembly
Native extension for WindowsStandalone target not found
Refreshing native plugins compatible for Editor in 0.96 ms, found 2 plugins.
Preloading 0 native plugins for Editor in 0.00 ms.
Mono: successfully reloaded assembly
- Completed reload, in  2.450 seconds
Platform modules already initialized, skipping
Refreshing native plugins compatible for Editor in 0.90 ms, found 2 plugins.
Preloading 0 native plugins for Editor in 0.00 ms.
Unloading 3364 Unused Serialized files (Serialized files now loaded: 0)
System memory in use before: 132.8 MB.
System memory in use after: 133.0 MB.

Unloading 12 unused Assets to reduce memory usage. Loaded Objects now: 3956.
Total: 13.049700 ms (FindLiveObjects: 1.163600 ms CreateObjectMapping: 0.891400 ms MarkObjects: 10.956000 ms  DeleteObjects: 0.036100 ms)

========================================================================
Received Prepare
Registering precompiled user dll's ...
Registered in 0.018922 seconds.
Begin MonoManager ReloadAssembly
Native extension for WindowsStandalone target not found
Refreshing native plugins compatible for Editor in 0.83 ms, found 2 plugins.
Preloading 0 native plugins for Editor in 0.00 ms.
Mono: successfully reloaded assembly
- Completed reload, in  2.351 seconds
Platform modules already initialized, skipping
Refreshing native plugins compatible for Editor in 2.12 ms, found 2 plugins.
Preloading 0 native plugins for Editor in 0.00 ms.
Unloading 3364 Unused Serialized files (Serialized files now loaded: 0)
System memory in use before: 132.8 MB.
System memory in use after: 133.0 MB.

Unloading 12 unused Assets to reduce memory usage. Loaded Objects now: 3960.
Total: 14.226600 ms (FindLiveObjects: 0.388400 ms CreateObjectMapping: 0.383100 ms MarkObjects: 13.236800 ms  DeleteObjects: 0.213000 ms)

========================================================================
Received Prepare
Registering precompiled user dll's ...
Registered in 0.016487 seconds.
Begin MonoManager ReloadAssembly
Native extension for WindowsStandalone target not found
Refreshing native plugins compatible for Editor in 0.79 ms, found 2 plugins.
Preloading 0 native plugins for Editor in 0.00 ms.
Mono: successfully reloaded assembly
- Completed reload, in  2.615 seconds
Platform modules already initialized, skipping
Refreshing native plugins compatible for Editor in 1.39 ms, found 2 plugins.
Preloading 0 native plugins for Editor in 0.00 ms.
Unloading 3364 Unused Serialized files (Serialized files now loaded: 0)
System memory in use before: 132.8 MB.
System memory in use after: 133.0 MB.

Unloading 12 unused Assets to reduce memory usage. Loaded Objects now: 3964.
Total: 7.862300 ms (FindLiveObjects: 0.381600 ms CreateObjectMapping: 0.218100 ms MarkObjects: 7.208100 ms  DeleteObjects: 0.052600 ms)

========================================================================
Received Prepare
Registering precompiled user dll's ...
Registered in 0.017041 seconds.
Begin MonoManager ReloadAssembly
Native extension for WindowsStandalone target not found
Refreshing native plugins compatible for Editor in 0.70 ms, found 2 plugins.
Preloading 0 native plugins for Editor in 0.00 ms.
Mono: successfully reloaded assembly
- Completed reload, in  2.239 seconds
Platform modules already initialized, skipping
Refreshing native plugins compatible for Editor in 1.22 ms, found 2 plugins.
Preloading 0 native plugins for Editor in 0.00 ms.
Unloading 3364 Unused Serialized files (Serialized files now loaded: 0)
System memory in use before: 132.8 MB.
System memory in use after: 133.0 MB.

Unloading 12 unused Assets to reduce memory usage. Loaded Objects now: 3968.
Total: 3.471300 ms (FindLiveObjects: 0.523300 ms CreateObjectMapping: 0.345500 ms MarkObjects: 2.583700 ms  DeleteObjects: 0.017800 ms)

========================================================================
Received Import Request.
  Time since last request: 1459.969375 seconds.
  path: Assets/Prefabs/PlatPref.prefab
  artifactKey: Guid(6af5ca219905bbd4c95ffe2bd887d45d) Importer(815301076,1909f56bfc062723c751e8b465ee728b)
Start importing Assets/Prefabs/PlatPref.prefab using Guid(6af5ca219905bbd4c95ffe2bd887d45d) Importer(815301076,1909f56bfc062723c751e8b465ee728b)  -> (artifact id: '48c54bea61da37be227ed27d6b26d524') in 0.309162 seconds 
========================================================================
Received Import Request.
  Time since last request: 0.609613 seconds.
  path: Assets/Prefabs/PlatPref.prefab
  artifactKey: Guid(6af5ca219905bbd4c95ffe2bd887d45d) Importer(815301076,1909f56bfc062723c751e8b465ee728b)
Start importing Assets/Prefabs/PlatPref.prefab using Guid(6af5ca219905bbd4c95ffe2bd887d45d) Importer(815301076,1909f56bfc062723c751e8b465ee728b)  -> (artifact id: 'df79521c40603d86745e67c6e28f9059') in 0.092446 seconds 
========================================================================
Received Import Request.
  Time since last request: 16.509715 seconds.
  path: Assets/Prefabs/PlatPref.prefab
  artifactKey: Guid(6af5ca219905bbd4c95ffe2bd887d45d) Importer(815301076,1909f56bfc062723c751e8b465ee728b)
Start importing Assets/Prefabs/PlatPref.prefab using Guid(6af5ca219905bbd4c95ffe2bd887d45d) Importer(815301076,1909f56bfc062723c751e8b465ee728b)  -> (artifact id: '67c4c5ad6df79dbcfa8a4f432d3fc27f') in 0.091167 seconds 
========================================================================
Received Import Request.
  Time since last request: 16.015838 seconds.
  path: Assets/Prefabs/PlatPref.prefab
  artifactKey: Guid(6af5ca219905bbd4c95ffe2bd887d45d) Importer(815301076,1909f56bfc062723c751e8b465ee728b)
Start importing Assets/Prefabs/PlatPref.prefab using Guid(6af5ca219905bbd4c95ffe2bd887d45d) Importer(815301076,1909f56bfc062723c751e8b465ee728b)  -> (artifact id: '1720a849014500800ffe62874565419d') in 0.096207 seconds 
========================================================================
Received Import Request.
  Time since last request: 2.687848 seconds.
  path: Assets/Prefabs/PlatPref.prefab
  artifactKey: Guid(6af5ca219905bbd4c95ffe2bd887d45d) Importer(815301076,1909f56bfc062723c751e8b465ee728b)
Start importing Assets/Prefabs/PlatPref.prefab using Guid(6af5ca219905bbd4c95ffe2bd887d45d) Importer(815301076,1909f56bfc062723c751e8b465ee728b)  -> (artifact id: '96f78d22f82acb333664a346ae0c7fd7') in 0.041687 seconds 
========================================================================
Received Prepare
Registering precompiled user dll's ...
Registered in 0.012924 seconds.
Begin MonoManager ReloadAssembly
Native extension for WindowsStandalone target not found
Refreshing native plugins compatible for Editor in 1.29 ms, found 2 plugins.
Preloading 0 native plugins for Editor in 0.00 ms.
Mono: successfully reloaded assembly
- Completed reload, in  2.511 seconds
Platform modules already initialized, skipping
Refreshing native plugins compatible for Editor in 2.46 ms, found 2 plugins.
Preloading 0 native plugins for Editor in 0.00 ms.
Unloading 3364 Unused Serialized files (Serialized files now loaded: 0)
System memory in use before: 132.8 MB.
System memory in use after: 133.0 MB.

Unloading 12 unused Assets to reduce memory usage. Loaded Objects now: 3973.
Total: 3.815200 ms (FindLiveObjects: 0.383600 ms CreateObjectMapping: 0.299000 ms MarkObjects: 3.073900 ms  DeleteObjects: 0.053500 ms)

========================================================================
Received Prepare
Registering precompiled user dll's ...
Registered in 0.018125 seconds.
Begin MonoManager ReloadAssembly
Native extension for WindowsStandalone target not found
Refreshing native plugins compatible for Editor in 0.96 ms, found 2 plugins.
Preloading 0 native plugins for Editor in 0.00 ms.
Mono: successfully reloaded assembly
- Completed reload, in  2.403 seconds
Platform modules already initialized, skipping
Refreshing native plugins compatible for Editor in 0.78 ms, found 2 plugins.
Preloading 0 native plugins for Editor in 0.00 ms.
Unloading 3364 Unused Serialized files (Serialized files now loaded: 0)
System memory in use before: 132.8 MB.
System memory in use after: 133.0 MB.

Unloading 12 unused Assets to reduce memory usage. Loaded Objects now: 3977.
Total: 6.044200 ms (FindLiveObjects: 1.356900 ms CreateObjectMapping: 1.106900 ms MarkObjects: 3.551500 ms  DeleteObjects: 0.024400 ms)

========================================================================
Received Prepare
Registering precompiled user dll's ...
Registered in 0.290692 seconds.
