Using pre-set license
Built from '2021.1/staging' branch; Version is '2021.1.6f1 (c0fade0cc7e9) revision 12647134'; Using compiler version '192528614'; Build Type 'Release'
OS: 'Windows 10 Pro; OS build 19042.985; Version 2009; 64bit' Language: 'pt' Physical Memory: 8029 MB
BatchMode: 1, IsHumanControllingUs: 0, StartBugReporterOnCrash: 0, Is64bit: 1, IsPro: 0

 COMMAND LINE ARGUMENTS:
E:\Programas\Unity\2021.1.6f1\Editor\Unity.exe
-adb2
-batchMode
-noUpm
-name
AssetImportWorker2
-projectPath
E:/Projetos/OvelhaEsperta/VideoAula/Projetouniy/Tutorial-aula-1/TutorialGame1/TutorialGame1/TutorialGame
-logFile
Logs/AssetImportWorker2.log
-srvPort
50259
Successfully changed project path to: E:/Projetos/OvelhaEsperta/VideoAula/Projetouniy/Tutorial-aula-1/TutorialGame1/TutorialGame1/TutorialGame
E:/Projetos/OvelhaEsperta/VideoAula/Projetouniy/Tutorial-aula-1/TutorialGame1/TutorialGame1/TutorialGame
Using Asset Import Pipeline V2.
Refreshing native plugins compatible for Editor in 331.57 ms, found 2 plugins.
Preloading 0 native plugins for Editor in 0.00 ms.
Initialize engine version: 2021.1.6f1 (c0fade0cc7e9)
[Subsystems] Discovering subsystems at path E:/Programas/Unity/2021.1.6f1/Editor/Data/Resources/UnitySubsystems
[Subsystems] Discovering subsystems at path E:/Projetos/OvelhaEsperta/VideoAula/Projetouniy/Tutorial-aula-1/TutorialGame1/TutorialGame1/TutorialGame/Assets
GfxDevice: creating device client; threaded=0; jobified=0
Direct3D:
    Version:  Direct3D 11.0 [level 11.1]
    Renderer: NVIDIA GeForce GTX 1050 (ID=0x1c91)
    Vendor:   NVIDIA
    VRAM:     2996 MB
    Driver:   27.21.14.6663
Initialize mono
Mono path[0] = 'E:/Programas/Unity/2021.1.6f1/Editor/Data/Managed'
Mono path[1] = 'E:/Programas/Unity/2021.1.6f1/Editor/Data/MonoBleedingEdge/lib/mono/unityjit'
Mono config path = 'E:/Programas/Unity/2021.1.6f1/Editor/Data/MonoBleedingEdge/etc'
Using monoOptions --debugger-agent=transport=dt_socket,embedding=1,server=y,suspend=n,address=127.0.0.1:56868
Begin MonoManager ReloadAssembly
Registering precompiled unity dll's ...
Register platform support module: E:/Programas/Unity/2021.1.6f1/Editor/Data/PlaybackEngines/WindowsStandaloneSupport/UnityEditor.WindowsStandalone.Extensions.dll
Registered in 0.005349 seconds.
Native extension for WindowsStandalone target not found
Refreshing native plugins compatible for Editor in 168.54 ms, found 2 plugins.
Preloading 0 native plugins for Editor in 0.00 ms.
Mono: successfully reloaded assembly
- Completed reload, in  2.515 seconds
Platform modules already initialized, skipping
Registering precompiled user dll's ...
Registered in 0.014848 seconds.
