Using pre-set license
Built from '2021.1/staging' branch; Version is '2021.1.0b6 (4f6b2ade48ff) revision 5204778'; Using compiler version '192528614'; Build Type 'Release'
OS: 'Windows 10 Pro; OS build 19042.964; Version 2009; 64bit' Language: 'pt' Physical Memory: 8029 MB
BatchMode: 1, IsHumanControllingUs: 0, StartBugReporterOnCrash: 0, Is64bit: 1, IsPro: 0

 COMMAND LINE ARGUMENTS:
E:\Programas\Unity\2021.1.0b6\Editor\Unity.exe
-adb2
-batchMode
-noUpm
-name
AssetImportWorker0
-projectPath
E:/Projetos/OvelhaEsperta/VideoAula/Projetouniy/Tutorial-aula-1/TutorialGame1/TutorialGame1/TutorialGame
-logFile
Logs/AssetImportWorker0.log
-srvPort
52358
Successfully changed project path to: E:/Projetos/OvelhaEsperta/VideoAula/Projetouniy/Tutorial-aula-1/TutorialGame1/TutorialGame1/TutorialGame
E:/Projetos/OvelhaEsperta/VideoAula/Projetouniy/Tutorial-aula-1/TutorialGame1/TutorialGame1/TutorialGame
Using Asset Import Pipeline V2.
Refreshing native plugins compatible for Editor in 84.47 ms, found 2 plugins.
Preloading 0 native plugins for Editor in 0.00 ms.
Initialize engine version: 2021.1.0b6 (4f6b2ade48ff)
[Subsystems] Discovering subsystems at path E:/Programas/Unity/2021.1.0b6/Editor/Data/Resources/UnitySubsystems
[Subsystems] Discovering subsystems at path E:/Projetos/OvelhaEsperta/VideoAula/Projetouniy/Tutorial-aula-1/TutorialGame1/TutorialGame1/TutorialGame/Assets
GfxDevice: creating device client; threaded=0; jobified=0
Direct3D:
    Version:  Direct3D 11.0 [level 11.1]
    Renderer: NVIDIA GeForce GTX 1050 (ID=0x1c91)
    Vendor:   NVIDIA
    VRAM:     2996 MB
    Driver:   27.21.14.6611
Initialize mono
Mono path[0] = 'E:/Programas/Unity/2021.1.0b6/Editor/Data/Managed'
Mono path[1] = 'E:/Programas/Unity/2021.1.0b6/Editor/Data/MonoBleedingEdge/lib/mono/unityjit'
Mono config path = 'E:/Programas/Unity/2021.1.0b6/Editor/Data/MonoBleedingEdge/etc'
Using monoOptions --debugger-agent=transport=dt_socket,embedding=1,server=y,suspend=n,address=127.0.0.1:56520
Begin MonoManager ReloadAssembly
Registering precompiled unity dll's ...
Register platform support module: E:/Programas/Unity/2021.1.0b6/Editor/Data/PlaybackEngines/WebGLSupport/UnityEditor.WebGL.Extensions.dll
Register platform support module: E:/Programas/Unity/2021.1.0b6/Editor/Data/PlaybackEngines/WindowsStandaloneSupport/UnityEditor.WindowsStandalone.Extensions.dll
Registered in 0.001834 seconds.
Native extension for WindowsStandalone target not found
Native extension for WebGL target not found
Refreshing native plugins compatible for Editor in 81.97 ms, found 2 plugins.
Preloading 0 native plugins for Editor in 0.00 ms.
Mono: successfully reloaded assembly
- Completed reload, in  1.652 seconds
Platform modules already initialized, skipping
Registering precompiled user dll's ...
Registered in 0.003012 seconds.
Begin MonoManager ReloadAssembly
Native extension for WindowsStandalone target not found
Native extension for WebGL target not found
Refreshing native plugins compatible for Editor in 84.69 ms, found 2 plugins.
Preloading 0 native plugins for Editor in 0.00 ms.
Mono: successfully reloaded assembly
- Completed reload, in  1.664 seconds
Platform modules already initialized, skipping
========================================================================
Worker process is ready to serve import requests
Launched and connected shader compiler UnityShaderCompiler.exe after 0.26 seconds
Refreshing native plugins compatible for Editor in 0.58 ms, found 2 plugins.
Preloading 0 native plugins for Editor in 0.00 ms.
Unloading 3346 Unused Serialized files (Serialized files now loaded: 0)
System memory in use before: 128.2 MB.
System memory in use after: 128.3 MB.

Unloading 29 unused Assets to reduce memory usage. Loaded Objects now: 3795.
Total: 2.669900 ms (FindLiveObjects: 0.433800 ms CreateObjectMapping: 0.399300 ms MarkObjects: 1.728500 ms  DeleteObjects: 0.107400 ms)

========================================================================
Received Import Request.
  path: Assets/img
  artifactKey: Guid(d533cd02a1624d648abfe0396dada7ec) Importer(815301076,1909f56bfc062723c751e8b465ee728b)
Start importing Assets/img using Guid(d533cd02a1624d648abfe0396dada7ec) Importer(815301076,1909f56bfc062723c751e8b465ee728b)  -> (artifact id: '7ac866e00ded4f7cc362ff17469ef219') in 0.009411 seconds 
========================================================================
Received Import Request.
  Time since last request: 15.130217 seconds.
  path: Assets/img/block.png
  artifactKey: Guid(b68d2496919cbaa4eb6a20c1992e9fca) Importer(815301076,1909f56bfc062723c751e8b465ee728b)
Start importing Assets/img/block.png using Guid(b68d2496919cbaa4eb6a20c1992e9fca) Importer(815301076,1909f56bfc062723c751e8b465ee728b)  -> (artifact id: 'fabafef1e554620ed37f4c4ad5c8951e') in 0.244839 seconds 
========================================================================
Received Import Request.
  Time since last request: 0.000285 seconds.
  path: Assets/img/Cartoon_Forest_BG_01.png
  artifactKey: Guid(d98536f028ae08d48ae0e0c8f0009a53) Importer(815301076,1909f56bfc062723c751e8b465ee728b)
Start importing Assets/img/Cartoon_Forest_BG_01.png using Guid(d98536f028ae08d48ae0e0c8f0009a53) Importer(815301076,1909f56bfc062723c751e8b465ee728b)  -> (artifact id: 'd37fef8562abfb1b93eb4ba869240e7d') in 0.025605 seconds 
========================================================================
Received Import Request.
  Time since last request: 0.000282 seconds.
  path: Assets/img/jungle_pack.png
  artifactKey: Guid(e97aa4af2921ad44b8d12b6f5ca41281) Importer(815301076,1909f56bfc062723c751e8b465ee728b)
Start importing Assets/img/jungle_pack.png using Guid(e97aa4af2921ad44b8d12b6f5ca41281) Importer(815301076,1909f56bfc062723c751e8b465ee728b)  -> (artifact id: 'cdbf8559476b1eeca55326e123b6c0fe') in 0.027979 seconds 
