Using pre-set license
Built from '2021.1/staging' branch; Version is '2021.1.6f1 (c0fade0cc7e9) revision 12647134'; Using compiler version '192528614'; Build Type 'Release'
OS: 'Windows 10 Pro; OS build 19042.985; Version 2009; 64bit' Language: 'pt' Physical Memory: 8029 MB
BatchMode: 1, IsHumanControllingUs: 0, StartBugReporterOnCrash: 0, Is64bit: 1, IsPro: 0

 COMMAND LINE ARGUMENTS:
E:\Programas\Unity\2021.1.6f1\Editor\Unity.exe
-adb2
-batchMode
-noUpm
-name
AssetImportWorker1
-projectPath
E:/Projetos/OvelhaEsperta/VideoAula/Projetouniy/Tutorial-aula-1/TutorialGame1/TutorialGame1/TutorialGame
-logFile
Logs/AssetImportWorker1.log
-srvPort
57441
Successfully changed project path to: E:/Projetos/OvelhaEsperta/VideoAula/Projetouniy/Tutorial-aula-1/TutorialGame1/TutorialGame1/TutorialGame
E:/Projetos/OvelhaEsperta/VideoAula/Projetouniy/Tutorial-aula-1/TutorialGame1/TutorialGame1/TutorialGame
Using Asset Import Pipeline V2.
Refreshing native plugins compatible for Editor in 107.29 ms, found 2 plugins.
Preloading 0 native plugins for Editor in 0.00 ms.
Initialize engine version: 2021.1.6f1 (c0fade0cc7e9)
[Subsystems] Discovering subsystems at path E:/Programas/Unity/2021.1.6f1/Editor/Data/Resources/UnitySubsystems
[Subsystems] Discovering subsystems at path E:/Projetos/OvelhaEsperta/VideoAula/Projetouniy/Tutorial-aula-1/TutorialGame1/TutorialGame1/TutorialGame/Assets
GfxDevice: creating device client; threaded=0; jobified=0
Direct3D:
    Version:  Direct3D 11.0 [level 11.1]
    Renderer: NVIDIA GeForce GTX 1050 (ID=0x1c91)
    Vendor:   NVIDIA
    VRAM:     2996 MB
    Driver:   27.21.14.6663
Initialize mono
Mono path[0] = 'E:/Programas/Unity/2021.1.6f1/Editor/Data/Managed'
Mono path[1] = 'E:/Programas/Unity/2021.1.6f1/Editor/Data/MonoBleedingEdge/lib/mono/unityjit'
Mono config path = 'E:/Programas/Unity/2021.1.6f1/Editor/Data/MonoBleedingEdge/etc'
Using monoOptions --debugger-agent=transport=dt_socket,embedding=1,server=y,suspend=n,address=127.0.0.1:56272
Begin MonoManager ReloadAssembly
Registering precompiled unity dll's ...
Register platform support module: E:/Programas/Unity/2021.1.6f1/Editor/Data/PlaybackEngines/WindowsStandaloneSupport/UnityEditor.WindowsStandalone.Extensions.dll
Registered in 0.003836 seconds.
Native extension for WindowsStandalone target not found
Refreshing native plugins compatible for Editor in 94.72 ms, found 2 plugins.
Preloading 0 native plugins for Editor in 0.00 ms.
Mono: successfully reloaded assembly
- Completed reload, in  1.335 seconds
Platform modules already initialized, skipping
Registering precompiled user dll's ...
Registered in 0.005579 seconds.
Begin MonoManager ReloadAssembly
Native extension for WindowsStandalone target not found
Refreshing native plugins compatible for Editor in 88.49 ms, found 2 plugins.
Preloading 0 native plugins for Editor in 0.00 ms.
Mono: successfully reloaded assembly
- Completed reload, in  2.503 seconds
Platform modules already initialized, skipping
========================================================================
Worker process is ready to serve import requests
Launched and connected shader compiler UnityShaderCompiler.exe after 0.42 seconds
Refreshing native plugins compatible for Editor in 0.59 ms, found 2 plugins.
Preloading 0 native plugins for Editor in 0.00 ms.
Unloading 3374 Unused Serialized files (Serialized files now loaded: 0)
System memory in use before: 129.1 MB.
System memory in use after: 129.3 MB.

Unloading 24 unused Assets to reduce memory usage. Loaded Objects now: 3832.
Total: 2.421400 ms (FindLiveObjects: 0.254800 ms CreateObjectMapping: 0.128200 ms MarkObjects: 1.985900 ms  DeleteObjects: 0.051800 ms)

========================================================================
Received Import Request.
  path: Assets/img/hero
  artifactKey: Guid(f9032b7eba966e14f8e8b520e570cefd) Importer(815301076,1909f56bfc062723c751e8b465ee728b)
Start importing Assets/img/hero using Guid(f9032b7eba966e14f8e8b520e570cefd) Importer(815301076,1909f56bfc062723c751e8b465ee728b)  -> (artifact id: '03b6830bc5a7917f94a3eede656cc1c4') in 0.046095 seconds 
========================================================================
Received Import Request.
  Time since last request: 16.744387 seconds.
  path: Assets/img/hero/RobotBoyIdleSprite.png
  artifactKey: Guid(087a4193bd251b845be716887f8e6519) Importer(815301076,1909f56bfc062723c751e8b465ee728b)
Start importing Assets/img/hero/RobotBoyIdleSprite.png using Guid(087a4193bd251b845be716887f8e6519) Importer(815301076,1909f56bfc062723c751e8b465ee728b)  -> (artifact id: '9200bf67b8e50c99c99c534a1ac2f6c0') in 0.261529 seconds 
========================================================================
Received Import Request.
  Time since last request: 0.000347 seconds.
  path: Assets/img/hero/RobotBoyJumpSprite.png
  artifactKey: Guid(b7f916ff4a2b773408cf682a589457b8) Importer(815301076,1909f56bfc062723c751e8b465ee728b)
Start importing Assets/img/hero/RobotBoyJumpSprite.png using Guid(b7f916ff4a2b773408cf682a589457b8) Importer(815301076,1909f56bfc062723c751e8b465ee728b)  -> (artifact id: 'b57c30f13e38144c1e464bc6b1740800') in 0.021010 seconds 
========================================================================
Received Import Request.
  Time since last request: 0.000334 seconds.
  path: Assets/img/hero/RobotBoyRunSprite.png
  artifactKey: Guid(607ba8d1f759c6b48ac0d11dfdc7435d) Importer(815301076,1909f56bfc062723c751e8b465ee728b)
Start importing Assets/img/hero/RobotBoyRunSprite.png using Guid(607ba8d1f759c6b48ac0d11dfdc7435d) Importer(815301076,1909f56bfc062723c751e8b465ee728b)  -> (artifact id: 'e40d8f900cdf758e96edc2963c805853') in 0.025706 seconds 
========================================================================
Received Import Request.
  Time since last request: 21.168555 seconds.
  path: Assets/Prefabs/PlatPref.prefab
  artifactKey: Guid(6af5ca219905bbd4c95ffe2bd887d45d) Importer(815301076,1909f56bfc062723c751e8b465ee728b)
Start importing Assets/Prefabs/PlatPref.prefab using Guid(6af5ca219905bbd4c95ffe2bd887d45d) Importer(815301076,1909f56bfc062723c751e8b465ee728b)  -> (artifact id: '8d531a1f57cce1a3e88da3f6a43c1cb1') in 0.338384 seconds 
AssetImportWorkerClient::OnTransportError - code=2 error=End of file
